<?xml version="1.0" encoding="UTF-8" ?>
<testsuite tests="0" failures="0" name="com.cnone.FilechooserTest" time="0" errors="0" skipped="0">
  <properties>
    <property name="idea.version" value="2021.3.2"/>
    <property name="java.runtime.name" value="Java(TM) SE Runtime Environment"/>
    <property name="java.vm.version" value="11.0.10+8-LTS-162"/>
    <property name="sun.boot.library.path" value="C:\Program Files\Java\jdk-11.0.10\bin"/>
    <property name="maven.multiModuleProjectDirectory" value="C:\Users\adams\Desktop\Codename One\ReviewApp\ReviewApp\ReviewApp"/>
    <property name="java.vm.vendor" value="Oracle Corporation"/>
    <property name="java.vendor.url" value="https://openjdk.java.net/"/>
    <property name="guice.disable.misplaced.annotation.check" value="true"/>
    <property name="path.separator" value=";"/>
    <property name="java.vm.name" value="Java HotSpot(TM) 64-Bit Server VM"/>
    <property name="sun.os.patch.level" value=""/>
    <property name="user.script" value=""/>
    <property name="user.country" value="US"/>
    <property name="sun.java.launcher" value="SUN_STANDARD"/>
    <property name="java.vm.specification.name" value="Java Virtual Machine Specification"/>
    <property name="user.dir" value="C:\Users\adams\Desktop\Codename One\ReviewApp\ReviewApp\ReviewApp"/>
    <property name="java.vm.compressedOopsMode" value="32-bit"/>
    <property name="java.runtime.version" value="11.0.10+8-LTS-162"/>
    <property name="java.awt.graphicsenv" value="sun.awt.Win32GraphicsEnvironment"/>
    <property name="os.arch" value="amd64"/>
    <property name="java.io.tmpdir" value="C:\Users\adams\AppData\Local\Temp\"/>
    <property name="line.separator" value="
"/>
    <property name="java.vm.specification.vendor" value="Oracle Corporation"/>
    <property name="user.variant" value=""/>
    <property name="os.name" value="Windows 10"/>
    <property name="maven.ext.class.path" value="C:\Users\adams\AppData\Local\JetBrains\Toolbox\apps\IDEA-C\ch-0\213.6777.52\plugins\maven\lib\maven-event-listener.jar"/>
    <property name="classworlds.conf" value="C:\Users\adams\AppData\Local\JetBrains\Toolbox\apps\IDEA-C\ch-0\213.6777.52\plugins\maven\lib\maven3\bin\m2.conf"/>
    <property name="sun.jnu.encoding" value="Cp1252"/>
    <property name="java.library.path" value="C:\Program Files\Java\jdk-11.0.10\bin;C:\WINDOWS\Sun\Java\bin;C:\WINDOWS\system32;C:\WINDOWS;C:\x86_64-8.1.0-release-posix-seh-rt_v6-rev0\mingw64\bin;C:\Python39\Scripts\;C:\Python39\;C:\Program Files\Java\jdk1.8.0_161\bin;C:\Users\adams\apache-maven-3.9.6\bin;C:\apache-ant-1.10.12-bin\apache-ant-1.10.12\bin;C:\Program Files\Common Files\Oracle\Java\javapath;C:\WINDOWS\system32;C:\WINDOWS;C:\WINDOWS\System32\Wbem;C:\WINDOWS\System32\WindowsPowerShell\v1.0\;C:\WINDOWS\System32\OpenSSH\;C:\cygwin64\bin;C:\Program Files\Git\cmd;C:\Gradle\gradle-7.4.2\bin;C:\Program Files\Java\jdk1.8.0_161\bin;C:\Program Files\nodejs\;C:\ProgramData\chocolatey\bin;C:\Program Files\MongoDB\Tools\100\bin;C:\Program Files\Memurai\;C:\Program Files\dotnet\;C:\Users\adams\AppData\Local\Microsoft\WindowsApps;C:\Gradle\gradle-7.4.2\bin;C:\Users\adams\AppData\Local\Programs\Microsoft VS Code\bin;C:\Users\adams\AppData\Roaming\npm;C:\Users\adams\AppData\Local\nvs\;C:\Users\adams\AppData\Local\JetBrains\Toolbox\scripts;C:\flutter_windows_3.3.2-stable\flutter\bin;C:\Program Files (x86)\Nmap;C:\Users\adams\.dotnet\tools;C:\Program Files\Java\jdk1.8.0_161\bin;C:\Users\adams\apache-maven-3.9.6\bin;C:\Program Files\Java\jdk1.8.0_161;;."/>
    <property name="maven.conf" value="C:\Users\adams\AppData\Local\JetBrains\Toolbox\apps\IDEA-C\ch-0\213.6777.52\plugins\maven\lib\maven3/conf"/>
    <property name="jdk.debug" value="release"/>
    <property name="java.class.version" value="55.0"/>
    <property name="java.specification.name" value="Java Platform API Specification"/>
    <property name="sun.management.compiler" value="HotSpot 64-Bit Tiered Compilers"/>
    <property name="os.version" value="10.0"/>
    <property name="user.home" value="C:\Users\adams"/>
    <property name="user.timezone" value="America/New_York"/>
    <property name="java.awt.printerjob" value="sun.awt.windows.WPrinterJob"/>
    <property name="file.encoding" value="UTF-8"/>
    <property name="java.specification.version" value="11"/>
    <property name="user.name" value="adams"/>
    <property name="java.class.path" value="C:\Users\adams\AppData\Local\JetBrains\Toolbox\apps\IDEA-C\ch-0\213.6777.52\plugins\maven\lib\maven3\boot\plexus-classworlds-2.6.0.jar;C:\Users\adams\AppData\Local\JetBrains\Toolbox\apps\IDEA-C\ch-0\213.6777.52\plugins\maven\lib\maven3\boot\plexus-classworlds.license"/>
    <property name="java.vm.specification.version" value="11"/>
    <property name="sun.arch.data.model" value="64"/>
    <property name="sun.java.command" value="org.codehaus.classworlds.Launcher -Didea.version=2021.3.2 install"/>
    <property name="java.home" value="C:\Program Files\Java\jdk-11.0.10"/>
    <property name="user.language" value="en"/>
    <property name="java.specification.vendor" value="Oracle Corporation"/>
    <property name="awt.toolkit" value="sun.awt.windows.WToolkit"/>
    <property name="java.vm.info" value="mixed mode"/>
    <property name="java.version" value="11.0.10"/>
    <property name="java.vendor" value="Oracle Corporation"/>
    <property name="maven.home" value="C:\Users\adams\AppData\Local\JetBrains\Toolbox\apps\IDEA-C\ch-0\213.6777.52\plugins\maven\lib\maven3"/>
    <property name="file.separator" value="\"/>
    <property name="java.version.date" value="2021-01-19"/>
    <property name="java.vendor.url.bug" value="https://bugreport.java.com/bugreport/"/>
    <property name="sun.io.unicode.encoding" value="UnicodeLittle"/>
    <property name="sun.cpu.endian" value="little"/>
    <property name="java.vendor.version" value="18.9"/>
    <property name="sun.desktop" value="windows"/>
    <property name="javax.xml.bind.context.factory" value="com.sun.xml.bind.v2.ContextFactory"/>
    <property name="sun.cpu.isalist" value="amd64"/>
  </properties>
</testsuite>